<?xml version="1.0" encoding="UTF-8"?>
<beans xmlns="http://www.springframework.org/schema/beans"
       xmlns:xsi="http://www.w3.org/2001/XMLSchema-instance"
       xsi:schemaLocation="http://www.springframework.org/schema/beans http://www.springframework.org/schema/beans/spring-beans.xsd">

    <bean id="connectionMaker" class="springbook.user.dao.DConnectionMaker" />

    <bean id="userDao" class="springbook.user.dao.UserDaoJdbc">
        <property name="dataSource" ref="dataSource"/>
        <property name="jdbcContext" ref="jdbcContext"/>
    </bean>

<!--    <bean id="userDao" class="springbook.user.dao.UserDaoJdbc">-->
<!--        <property name="dataSource" ref="dataSource"/>-->
<!--    </bean>-->

    <bean id="jdbcContext" class="springbook.user.dao.JdbcContext">
        <property name="dataSource" ref="dataSource"/>
    </bean>

    <bean id="dataSource" class="org.springframework.jdbc.datasource.SimpleDriverDataSource">
        <property name="driverClass" value="com.mysql.jdbc.Driver"/>
        <property name="url" value="jdbc:mysql://localhost/testdb"/>
        <property name="username" value="spring"/>
        <property name="password" value="book"/>
    </bean>

    <bean id="userService" class="springbook.user.service.UserServiceTx">
        <property name="transactionManager" ref="transactionManager" />
     </bean>

    <bean id="userServiceImpl" class="springbook.user.service.UserServiceImpl">
        <property name="userDao" ref="userDao"/>
        <property name="mailSender" ref="mailSender"/>
    </bean>

    <bean id="transactionManager" class="org.springframework.jdbc.datasource.DataSourceTransactionManager">
        <property name="dataSource" ref="dataSource" />
    </bean>

<!--    <bean id="mailSender" class="org.springframework.mail.javamail.JavaMailSenderImpl">-->
    <bean id="mailSender" class="springbook.user.service.DummyMailSender">
        <property name="host" value="mail.server.com" />
    </bean>
</beans>